Classic Timing Analyzer report for top
Sat Nov 05 17:05:15 2016
Quartus II Version 9.0 Build 132 02/25/2009 SJ Full Version


---------------------
; Table of Contents ;
---------------------
  1. Legal Notice
  2. Timing Analyzer Summary
  3. Timing Analyzer Settings
  4. Clock Settings Summary
  5. Parallel Compilation
  6. Clock Setup: 'CLK'
  7. tsu
  8. tco
  9. th
 10. Timing Analyzer Messages



----------------
; Legal Notice ;
----------------
Copyright (C) 1991-2009 Altera Corporation
Your use of Altera Corporation's design tools, logic functions 
and other software and tools, and its AMPP partner logic 
functions, and any output files from any of the foregoing 
(including device programming or simulation files), and any 
associated documentation or information are expressly subject 
to the terms and conditions of the Altera Program License 
Subscription Agreement, Altera MegaCore Function License 
Agreement, or other applicable license agreement, including, 
without limitation, that your use is for the sole purpose of 
programming logic devices manufactured by Altera and sold by 
Altera or its authorized distributors.  Please refer to the 
applicable agreement for further details.



+-----------------------------------------------------------------------------------------------------------------------------------------------------------------------------------------------------+
; Timing Analyzer Summary                                                                                                                                                                             ;
+------------------------------+-------+---------------+----------------------------------+---------------------------------+----------------------------------+------------+----------+--------------+
; Type                         ; Slack ; Required Time ; Actual Time                      ; From                            ; To                               ; From Clock ; To Clock ; Failed Paths ;
+------------------------------+-------+---------------+----------------------------------+---------------------------------+----------------------------------+------------+----------+--------------+
; Worst-case tsu               ; N/A   ; None          ; 5.528 ns                         ; RSTn                            ; vga_control_module:inst|ypos[11] ; --         ; CLK      ; 0            ;
; Worst-case tco               ; N/A   ; None          ; 7.991 ns                         ; vga_control_module:inst|rRGB[2] ; RGB_Sig[2]                       ; CLK        ; --       ; 0            ;
; Worst-case th                ; N/A   ; None          ; -4.858 ns                        ; RSTn                            ; vga_control_module:inst|xpos[0]  ; --         ; CLK      ; 0            ;
; Clock Setup: 'CLK'           ; N/A   ; None          ; 157.48 MHz ( period = 6.350 ns ) ; vga_control_module:inst|C2[9]   ; vga_control_module:inst|rRGB[2]  ; CLK        ; CLK      ; 0            ;
; Total number of failed paths ;       ;               ;                                  ;                                 ;                                  ;            ;          ; 0            ;
+------------------------------+-------+---------------+----------------------------------+---------------------------------+----------------------------------+------------+----------+--------------+


+--------------------------------------------------------------------------------------------------------------------+
; Timing Analyzer Settings                                                                                           ;
+---------------------------------------------------------------------+--------------------+------+----+-------------+
; Option                                                              ; Setting            ; From ; To ; Entity Name ;
+---------------------------------------------------------------------+--------------------+------+----+-------------+
; Device Name                                                         ; EP2C5T144C8        ;      ;    ;             ;
; Timing Models                                                       ; Final              ;      ;    ;             ;
; Default hold multicycle                                             ; Same as Multicycle ;      ;    ;             ;
; Cut paths between unrelated clock domains                           ; On                 ;      ;    ;             ;
; Cut off read during write signal paths                              ; On                 ;      ;    ;             ;
; Cut off feedback from I/O pins                                      ; On                 ;      ;    ;             ;
; Report Combined Fast/Slow Timing                                    ; Off                ;      ;    ;             ;
; Ignore Clock Settings                                               ; Off                ;      ;    ;             ;
; Analyze latches as synchronous elements                             ; On                 ;      ;    ;             ;
; Enable Recovery/Removal analysis                                    ; Off                ;      ;    ;             ;
; Enable Clock Latency                                                ; Off                ;      ;    ;             ;
; Use TimeQuest Timing Analyzer                                       ; Off                ;      ;    ;             ;
; Minimum Core Junction Temperature                                   ; 0                  ;      ;    ;             ;
; Maximum Core Junction Temperature                                   ; 85                 ;      ;    ;             ;
; Number of source nodes to report per destination node               ; 10                 ;      ;    ;             ;
; Number of destination nodes to report                               ; 10                 ;      ;    ;             ;
; Number of paths to report                                           ; 200                ;      ;    ;             ;
; Report Minimum Timing Checks                                        ; Off                ;      ;    ;             ;
; Use Fast Timing Models                                              ; Off                ;      ;    ;             ;
; Report IO Paths Separately                                          ; Off                ;      ;    ;             ;
; Perform Multicorner Analysis                                        ; On                 ;      ;    ;             ;
; Reports the worst-case path for each clock domain and analysis      ; Off                ;      ;    ;             ;
; Removes common clock path pessimism (CCPP) during slack computation ; Off                ;      ;    ;             ;
; Output I/O Timing Endpoint                                          ; Near End           ;      ;    ;             ;
+---------------------------------------------------------------------+--------------------+------+----+-------------+


+------------------------------------------------------------------------------------------------------------------------------------------------------------------------------------+
; Clock Settings Summary                                                                                                                                                             ;
+-----------------+--------------------+----------+------------------+---------------+--------------+----------+-----------------------+---------------------+--------+--------------+
; Clock Node Name ; Clock Setting Name ; Type     ; Fmax Requirement ; Early Latency ; Late Latency ; Based on ; Multiply Base Fmax by ; Divide Base Fmax by ; Offset ; Phase offset ;
+-----------------+--------------------+----------+------------------+---------------+--------------+----------+-----------------------+---------------------+--------+--------------+
; CLK             ;                    ; User Pin ; None             ; 0.000 ns      ; 0.000 ns     ; --       ; N/A                   ; N/A                 ; N/A    ;              ;
+-----------------+--------------------+----------+------------------+---------------+--------------+----------+-----------------------+---------------------+--------+--------------+


+------------------------------------------+
; Parallel Compilation                     ;
+----------------------------+-------------+
; Processors                 ; Number      ;
+----------------------------+-------------+
; Number detected on machine ; 4           ;
; Maximum allowed            ; 4           ;
;                            ;             ;
; Average used               ; 1.00        ;
; Maximum used               ; 1           ;
;                            ;             ;
; Usage by Processor         ; % Time Used ;
;     1 processor            ; 100.0%      ;
;     2-4 processors         ;   0.0%      ;
+----------------------------+-------------+


+--------------------------------------------------------------------------------------------------------------------------------------------------------------------------------------------------------------------------------------------------------------------------------+
; Clock Setup: 'CLK'                                                                                                                                                                                                                                                             ;
+-----------------------------------------+-----------------------------------------------------+----------------------------------+---------------------------------+------------+----------+-----------------------------+---------------------------+-------------------------+
; Slack                                   ; Actual fmax (period)                                ; From                             ; To                              ; From Clock ; To Clock ; Required Setup Relationship ; Required Longest P2P Time ; Actual Longest P2P Time ;
+-----------------------------------------+-----------------------------------------------------+----------------------------------+---------------------------------+------------+----------+-----------------------------+---------------------------+-------------------------+
; N/A                                     ; 157.48 MHz ( period = 6.350 ns )                    ; vga_control_module:inst|C2[9]    ; vga_control_module:inst|rRGB[2] ; CLK        ; CLK      ; None                        ; None                      ; 6.111 ns                ;
; N/A                                     ; 157.88 MHz ( period = 6.334 ns )                    ; vga_control_module:inst|C2[5]    ; vga_control_module:inst|rRGB[2] ; CLK        ; CLK      ; None                        ; None                      ; 6.095 ns                ;
; N/A                                     ; 159.24 MHz ( period = 6.280 ns )                    ; vga_control_module:inst|C1[2]    ; vga_control_module:inst|C2[11]  ; CLK        ; CLK      ; None                        ; None                      ; 5.991 ns                ;
; N/A                                     ; 160.38 MHz ( period = 6.235 ns )                    ; vga_control_module:inst|ypos[6]  ; vga_control_module:inst|rRGB[2] ; CLK        ; CLK      ; None                        ; None                      ; 5.977 ns                ;
; N/A                                     ; 161.45 MHz ( period = 6.194 ns )                    ; vga_control_module:inst|C1[2]    ; vga_control_module:inst|C2[10]  ; CLK        ; CLK      ; None                        ; None                      ; 5.905 ns                ;
; N/A                                     ; 162.63 MHz ( period = 6.149 ns )                    ; vga_control_module:inst|C2[6]    ; vga_control_module:inst|rRGB[2] ; CLK        ; CLK      ; None                        ; None                      ; 5.910 ns                ;
; N/A                                     ; 163.67 MHz ( period = 6.110 ns )                    ; vga_control_module:inst|C1[1]    ; vga_control_module:inst|C2[11]  ; CLK        ; CLK      ; None                        ; None                      ; 5.821 ns                ;
; N/A                                     ; 163.72 MHz ( period = 6.108 ns )                    ; vga_control_module:inst|C1[2]    ; vga_control_module:inst|C2[9]   ; CLK        ; CLK      ; None                        ; None                      ; 5.819 ns                ;
; N/A                                     ; 163.80 MHz ( period = 6.105 ns )                    ; vga_control_module:inst|ypos[5]  ; vga_control_module:inst|rRGB[2] ; CLK        ; CLK      ; None                        ; None                      ; 5.847 ns                ;
; N/A                                     ; 163.93 MHz ( period = 6.100 ns )                    ; vga_control_module:inst|C1[2]    ; vga_control_module:inst|rRGB[2] ; CLK        ; CLK      ; None                        ; None                      ; 5.836 ns                ;
; N/A                                     ; 164.53 MHz ( period = 6.078 ns )                    ; vga_control_module:inst|ypos[3]  ; vga_control_module:inst|rRGB[2] ; CLK        ; CLK      ; None                        ; None                      ; 5.820 ns                ;
; N/A                                     ; 165.59 MHz ( period = 6.039 ns )                    ; vga_control_module:inst|ypos[2]  ; vga_control_module:inst|rRGB[2] ; CLK        ; CLK      ; None                        ; None                      ; 5.781 ns                ;
; N/A                                     ; 166.00 MHz ( period = 6.024 ns )                    ; vga_control_module:inst|C1[1]    ; vga_control_module:inst|C2[10]  ; CLK        ; CLK      ; None                        ; None                      ; 5.735 ns                ;
; N/A                                     ; 166.06 MHz ( period = 6.022 ns )                    ; vga_control_module:inst|C1[2]    ; vga_control_module:inst|C2[8]   ; CLK        ; CLK      ; None                        ; None                      ; 5.733 ns                ;
; N/A                                     ; 166.69 MHz ( period = 5.999 ns )                    ; vga_control_module:inst|C1[8]    ; vga_control_module:inst|C2[11]  ; CLK        ; CLK      ; None                        ; None                      ; 5.710 ns                ;
; N/A                                     ; 166.78 MHz ( period = 5.996 ns )                    ; vga_control_module:inst|C1[11]   ; vga_control_module:inst|C2[11]  ; CLK        ; CLK      ; None                        ; None                      ; 5.707 ns                ;
; N/A                                     ; 167.36 MHz ( period = 5.975 ns )                    ; vga_control_module:inst|ypos[7]  ; vga_control_module:inst|rRGB[2] ; CLK        ; CLK      ; None                        ; None                      ; 5.717 ns                ;
; N/A                                     ; 167.56 MHz ( period = 5.968 ns )                    ; vga_control_module:inst|C2[4]    ; vga_control_module:inst|rRGB[2] ; CLK        ; CLK      ; None                        ; None                      ; 5.729 ns                ;
; N/A                                     ; 168.12 MHz ( period = 5.948 ns )                    ; vga_control_module:inst|C1[0]    ; vga_control_module:inst|C2[11]  ; CLK        ; CLK      ; None                        ; None                      ; 5.659 ns                ;
; N/A                                     ; 168.27 MHz ( period = 5.943 ns )                    ; vga_control_module:inst|C1[6]    ; vga_control_module:inst|C2[11]  ; CLK        ; CLK      ; None                        ; None                      ; 5.654 ns                ;
; N/A                                     ; 168.41 MHz ( period = 5.938 ns )                    ; vga_control_module:inst|C1[1]    ; vga_control_module:inst|C2[9]   ; CLK        ; CLK      ; None                        ; None                      ; 5.649 ns                ;
; N/A                                     ; 168.46 MHz ( period = 5.936 ns )                    ; vga_control_module:inst|C1[2]    ; vga_control_module:inst|C2[7]   ; CLK        ; CLK      ; None                        ; None                      ; 5.647 ns                ;
; N/A                                     ; 168.63 MHz ( period = 5.930 ns )                    ; vga_control_module:inst|C1[1]    ; vga_control_module:inst|rRGB[2] ; CLK        ; CLK      ; None                        ; None                      ; 5.666 ns                ;
; N/A                                     ; 169.12 MHz ( period = 5.913 ns )                    ; vga_control_module:inst|C1[8]    ; vga_control_module:inst|C2[10]  ; CLK        ; CLK      ; None                        ; None                      ; 5.624 ns                ;
; N/A                                     ; 169.20 MHz ( period = 5.910 ns )                    ; vga_control_module:inst|C1[11]   ; vga_control_module:inst|C2[10]  ; CLK        ; CLK      ; None                        ; None                      ; 5.621 ns                ;
; N/A                                     ; 169.41 MHz ( period = 5.903 ns )                    ; vga_control_module:inst|ypos[10] ; vga_control_module:inst|rRGB[2] ; CLK        ; CLK      ; None                        ; None                      ; 5.645 ns                ;
; N/A                                     ; 169.78 MHz ( period = 5.890 ns )                    ; vga_control_module:inst|C1[5]    ; vga_control_module:inst|C2[11]  ; CLK        ; CLK      ; None                        ; None                      ; 5.596 ns                ;
; N/A                                     ; 170.53 MHz ( period = 5.864 ns )                    ; vga_control_module:inst|ypos[8]  ; vga_control_module:inst|rRGB[2] ; CLK        ; CLK      ; None                        ; None                      ; 5.606 ns                ;
; N/A                                     ; 170.59 MHz ( period = 5.862 ns )                    ; vga_control_module:inst|C1[0]    ; vga_control_module:inst|C2[10]  ; CLK        ; CLK      ; None                        ; None                      ; 5.573 ns                ;
; N/A                                     ; 170.68 MHz ( period = 5.859 ns )                    ; vga_control_module:inst|C1[9]    ; vga_control_module:inst|C2[11]  ; CLK        ; CLK      ; None                        ; None                      ; 5.570 ns                ;
; N/A                                     ; 170.74 MHz ( period = 5.857 ns )                    ; vga_control_module:inst|C1[6]    ; vga_control_module:inst|C2[10]  ; CLK        ; CLK      ; None                        ; None                      ; 5.568 ns                ;
; N/A                                     ; 170.88 MHz ( period = 5.852 ns )                    ; vga_control_module:inst|C1[1]    ; vga_control_module:inst|C2[8]   ; CLK        ; CLK      ; None                        ; None                      ; 5.563 ns                ;
; N/A                                     ; 170.94 MHz ( period = 5.850 ns )                    ; vga_control_module:inst|C1[2]    ; vga_control_module:inst|C2[6]   ; CLK        ; CLK      ; None                        ; None                      ; 5.561 ns                ;
; N/A                                     ; 171.38 MHz ( period = 5.835 ns )                    ; vga_control_module:inst|ypos[9]  ; vga_control_module:inst|rRGB[2] ; CLK        ; CLK      ; None                        ; None                      ; 5.577 ns                ;
; N/A                                     ; 171.61 MHz ( period = 5.827 ns )                    ; vga_control_module:inst|C1[8]    ; vga_control_module:inst|C2[9]   ; CLK        ; CLK      ; None                        ; None                      ; 5.538 ns                ;
; N/A                                     ; 171.64 MHz ( period = 5.826 ns )                    ; vga_control_module:inst|C1[3]    ; vga_control_module:inst|C2[11]  ; CLK        ; CLK      ; None                        ; None                      ; 5.537 ns                ;
; N/A                                     ; 171.70 MHz ( period = 5.824 ns )                    ; vga_control_module:inst|C1[11]   ; vga_control_module:inst|C2[9]   ; CLK        ; CLK      ; None                        ; None                      ; 5.535 ns                ;
; N/A                                     ; 171.85 MHz ( period = 5.819 ns )                    ; vga_control_module:inst|C2[7]    ; vga_control_module:inst|rRGB[2] ; CLK        ; CLK      ; None                        ; None                      ; 5.580 ns                ;
; N/A                                     ; 172.12 MHz ( period = 5.810 ns )                    ; vga_control_module:inst|ypos[4]  ; vga_control_module:inst|rRGB[2] ; CLK        ; CLK      ; None                        ; None                      ; 5.552 ns                ;
; N/A                                     ; 172.29 MHz ( period = 5.804 ns )                    ; vga_control_module:inst|C1[5]    ; vga_control_module:inst|C2[10]  ; CLK        ; CLK      ; None                        ; None                      ; 5.510 ns                ;
; N/A                                     ; 172.62 MHz ( period = 5.793 ns )                    ; vga_control_module:inst|xpos[0]  ; vga_control_module:inst|rRGB[2] ; CLK        ; CLK      ; None                        ; None                      ; 5.542 ns                ;
; N/A                                     ; 173.07 MHz ( period = 5.778 ns )                    ; vga_control_module:inst|C2[9]    ; vga_control_module:inst|rRGB[0] ; CLK        ; CLK      ; None                        ; None                      ; 5.539 ns                ;
; N/A                                     ; 173.13 MHz ( period = 5.776 ns )                    ; vga_control_module:inst|C1[0]    ; vga_control_module:inst|C2[9]   ; CLK        ; CLK      ; None                        ; None                      ; 5.487 ns                ;
; N/A                                     ; 173.22 MHz ( period = 5.773 ns )                    ; vga_control_module:inst|C1[9]    ; vga_control_module:inst|C2[10]  ; CLK        ; CLK      ; None                        ; None                      ; 5.484 ns                ;
; N/A                                     ; 173.28 MHz ( period = 5.771 ns )                    ; vga_control_module:inst|C1[6]    ; vga_control_module:inst|C2[9]   ; CLK        ; CLK      ; None                        ; None                      ; 5.482 ns                ;
; N/A                                     ; 173.34 MHz ( period = 5.769 ns )                    ; vga_control_module:inst|C1[7]    ; vga_control_module:inst|C2[11]  ; CLK        ; CLK      ; None                        ; None                      ; 5.480 ns                ;
; N/A                                     ; 173.37 MHz ( period = 5.768 ns )                    ; vga_control_module:inst|C1[0]    ; vga_control_module:inst|rRGB[2] ; CLK        ; CLK      ; None                        ; None                      ; 5.504 ns                ;
; N/A                                     ; 173.43 MHz ( period = 5.766 ns )                    ; vga_control_module:inst|C1[1]    ; vga_control_module:inst|C2[7]   ; CLK        ; CLK      ; None                        ; None                      ; 5.477 ns                ;
; N/A                                     ; 173.55 MHz ( period = 5.762 ns )                    ; vga_control_module:inst|C2[5]    ; vga_control_module:inst|rRGB[0] ; CLK        ; CLK      ; None                        ; None                      ; 5.523 ns                ;
; N/A                                     ; 174.19 MHz ( period = 5.741 ns )                    ; vga_control_module:inst|C1[8]    ; vga_control_module:inst|C2[8]   ; CLK        ; CLK      ; None                        ; None                      ; 5.452 ns                ;
; N/A                                     ; 174.22 MHz ( period = 5.740 ns )                    ; vga_control_module:inst|C1[3]    ; vga_control_module:inst|C2[10]  ; CLK        ; CLK      ; None                        ; None                      ; 5.451 ns                ;
; N/A                                     ; 174.28 MHz ( period = 5.738 ns )                    ; vga_control_module:inst|C1[11]   ; vga_control_module:inst|C2[8]   ; CLK        ; CLK      ; None                        ; None                      ; 5.449 ns                ;
; N/A                                     ; 174.89 MHz ( period = 5.718 ns )                    ; vga_control_module:inst|C1[5]    ; vga_control_module:inst|C2[9]   ; CLK        ; CLK      ; None                        ; None                      ; 5.424 ns                ;
; N/A                                     ; 175.25 MHz ( period = 5.706 ns )                    ; vga_control_module:inst|xpos[5]  ; vga_control_module:inst|rRGB[2] ; CLK        ; CLK      ; None                        ; None                      ; 5.470 ns                ;
; N/A                                     ; 175.28 MHz ( period = 5.705 ns )                    ; vga_control_module:inst|C1[10]   ; vga_control_module:inst|C2[11]  ; CLK        ; CLK      ; None                        ; None                      ; 5.411 ns                ;
; N/A                                     ; 175.41 MHz ( period = 5.701 ns )                    ; vga_control_module:inst|C1[4]    ; vga_control_module:inst|rRGB[2] ; CLK        ; CLK      ; None                        ; None                      ; 5.437 ns                ;
; N/A                                     ; 175.75 MHz ( period = 5.690 ns )                    ; vga_control_module:inst|C1[0]    ; vga_control_module:inst|C2[8]   ; CLK        ; CLK      ; None                        ; None                      ; 5.401 ns                ;
; N/A                                     ; 175.84 MHz ( period = 5.687 ns )                    ; vga_control_module:inst|C1[9]    ; vga_control_module:inst|C2[9]   ; CLK        ; CLK      ; None                        ; None                      ; 5.398 ns                ;
; N/A                                     ; 175.90 MHz ( period = 5.685 ns )                    ; vga_control_module:inst|C1[6]    ; vga_control_module:inst|C2[8]   ; CLK        ; CLK      ; None                        ; None                      ; 5.396 ns                ;
; N/A                                     ; 175.96 MHz ( period = 5.683 ns )                    ; vga_control_module:inst|C1[7]    ; vga_control_module:inst|C2[10]  ; CLK        ; CLK      ; None                        ; None                      ; 5.394 ns                ;
; N/A                                     ; 176.06 MHz ( period = 5.680 ns )                    ; vga_control_module:inst|C1[1]    ; vga_control_module:inst|C2[6]   ; CLK        ; CLK      ; None                        ; None                      ; 5.391 ns                ;
; N/A                                     ; 176.27 MHz ( period = 5.673 ns )                    ; vga_control_module:inst|C1[4]    ; vga_control_module:inst|C2[11]  ; CLK        ; CLK      ; None                        ; None                      ; 5.384 ns                ;
; N/A                                     ; 176.30 MHz ( period = 5.672 ns )                    ; vga_control_module:inst|C1[3]    ; vga_control_module:inst|rRGB[2] ; CLK        ; CLK      ; None                        ; None                      ; 5.408 ns                ;
; N/A                                     ; 176.58 MHz ( period = 5.663 ns )                    ; vga_control_module:inst|ypos[6]  ; vga_control_module:inst|rRGB[0] ; CLK        ; CLK      ; None                        ; None                      ; 5.405 ns                ;
; N/A                                     ; 176.65 MHz ( period = 5.661 ns )                    ; vga_control_module:inst|ypos[1]  ; vga_control_module:inst|rRGB[2] ; CLK        ; CLK      ; None                        ; None                      ; 5.403 ns                ;
; N/A                                     ; 176.68 MHz ( period = 5.660 ns )                    ; vga_control_module:inst|C1[2]    ; vga_control_module:inst|C2[5]   ; CLK        ; CLK      ; None                        ; None                      ; 5.371 ns                ;
; N/A                                     ; 176.83 MHz ( period = 5.655 ns )                    ; vga_control_module:inst|C1[8]    ; vga_control_module:inst|C2[7]   ; CLK        ; CLK      ; None                        ; None                      ; 5.366 ns                ;
; N/A                                     ; 176.87 MHz ( period = 5.654 ns )                    ; vga_control_module:inst|C1[3]    ; vga_control_module:inst|C2[9]   ; CLK        ; CLK      ; None                        ; None                      ; 5.365 ns                ;
; N/A                                     ; 176.90 MHz ( period = 5.653 ns )                    ; vga_control_module:inst|xpos[7]  ; vga_control_module:inst|rRGB[2] ; CLK        ; CLK      ; None                        ; None                      ; 5.417 ns                ;
; N/A                                     ; 176.93 MHz ( period = 5.652 ns )                    ; vga_control_module:inst|C1[11]   ; vga_control_module:inst|C2[7]   ; CLK        ; CLK      ; None                        ; None                      ; 5.363 ns                ;
; N/A                                     ; 177.56 MHz ( period = 5.632 ns )                    ; vga_control_module:inst|C1[5]    ; vga_control_module:inst|C2[8]   ; CLK        ; CLK      ; None                        ; None                      ; 5.338 ns                ;
; N/A                                     ; 177.97 MHz ( period = 5.619 ns )                    ; vga_control_module:inst|C1[10]   ; vga_control_module:inst|C2[10]  ; CLK        ; CLK      ; None                        ; None                      ; 5.325 ns                ;
; N/A                                     ; 178.44 MHz ( period = 5.604 ns )                    ; vga_control_module:inst|C1[0]    ; vga_control_module:inst|C2[7]   ; CLK        ; CLK      ; None                        ; None                      ; 5.315 ns                ;
; N/A                                     ; 178.54 MHz ( period = 5.601 ns )                    ; vga_control_module:inst|C1[9]    ; vga_control_module:inst|C2[8]   ; CLK        ; CLK      ; None                        ; None                      ; 5.312 ns                ;
; N/A                                     ; 178.60 MHz ( period = 5.599 ns )                    ; vga_control_module:inst|C1[6]    ; vga_control_module:inst|C2[7]   ; CLK        ; CLK      ; None                        ; None                      ; 5.310 ns                ;
; N/A                                     ; 178.67 MHz ( period = 5.597 ns )                    ; vga_control_module:inst|C1[7]    ; vga_control_module:inst|C2[9]   ; CLK        ; CLK      ; None                        ; None                      ; 5.308 ns                ;
; N/A                                     ; 178.99 MHz ( period = 5.587 ns )                    ; vga_control_module:inst|C1[4]    ; vga_control_module:inst|C2[10]  ; CLK        ; CLK      ; None                        ; None                      ; 5.298 ns                ;
; N/A                                     ; 179.31 MHz ( period = 5.577 ns )                    ; vga_control_module:inst|C2[6]    ; vga_control_module:inst|rRGB[0] ; CLK        ; CLK      ; None                        ; None                      ; 5.338 ns                ;
; N/A                                     ; 179.40 MHz ( period = 5.574 ns )                    ; vga_control_module:inst|C1[2]    ; vga_control_module:inst|C2[4]   ; CLK        ; CLK      ; None                        ; None                      ; 5.285 ns                ;
; N/A                                     ; 179.57 MHz ( period = 5.569 ns )                    ; vga_control_module:inst|C1[8]    ; vga_control_module:inst|C2[6]   ; CLK        ; CLK      ; None                        ; None                      ; 5.280 ns                ;
; N/A                                     ; 179.60 MHz ( period = 5.568 ns )                    ; vga_control_module:inst|C1[3]    ; vga_control_module:inst|C2[8]   ; CLK        ; CLK      ; None                        ; None                      ; 5.279 ns                ;
; N/A                                     ; 179.66 MHz ( period = 5.566 ns )                    ; vga_control_module:inst|C1[11]   ; vga_control_module:inst|C2[6]   ; CLK        ; CLK      ; None                        ; None                      ; 5.277 ns                ;
; N/A                                     ; 179.86 MHz ( period = 5.560 ns )                    ; vga_control_module:inst|C1[10]   ; vga_control_module:inst|rRGB[2] ; CLK        ; CLK      ; None                        ; None                      ; 5.291 ns                ;
; N/A                                     ; 179.92 MHz ( period = 5.558 ns )                    ; vga_control_module:inst|C1[11]   ; vga_control_module:inst|rRGB[2] ; CLK        ; CLK      ; None                        ; None                      ; 5.294 ns                ;
; N/A                                     ; 180.31 MHz ( period = 5.546 ns )                    ; vga_control_module:inst|C1[5]    ; vga_control_module:inst|C2[7]   ; CLK        ; CLK      ; None                        ; None                      ; 5.252 ns                ;
; N/A                                     ; 180.73 MHz ( period = 5.533 ns )                    ; vga_control_module:inst|C1[10]   ; vga_control_module:inst|C2[9]   ; CLK        ; CLK      ; None                        ; None                      ; 5.239 ns                ;
; N/A                                     ; 180.73 MHz ( period = 5.533 ns )                    ; vga_control_module:inst|ypos[5]  ; vga_control_module:inst|rRGB[0] ; CLK        ; CLK      ; None                        ; None                      ; 5.275 ns                ;
; N/A                                     ; 180.90 MHz ( period = 5.528 ns )                    ; vga_control_module:inst|C1[2]    ; vga_control_module:inst|rRGB[0] ; CLK        ; CLK      ; None                        ; None                      ; 5.264 ns                ;
; N/A                                     ; 181.23 MHz ( period = 5.518 ns )                    ; vga_control_module:inst|C1[0]    ; vga_control_module:inst|C2[6]   ; CLK        ; CLK      ; None                        ; None                      ; 5.229 ns                ;
; N/A                                     ; 181.32 MHz ( period = 5.515 ns )                    ; vga_control_module:inst|C1[9]    ; vga_control_module:inst|C2[7]   ; CLK        ; CLK      ; None                        ; None                      ; 5.226 ns                ;
; N/A                                     ; 181.39 MHz ( period = 5.513 ns )                    ; vga_control_module:inst|C1[6]    ; vga_control_module:inst|C2[6]   ; CLK        ; CLK      ; None                        ; None                      ; 5.224 ns                ;
; N/A                                     ; 181.46 MHz ( period = 5.511 ns )                    ; vga_control_module:inst|C1[7]    ; vga_control_module:inst|C2[8]   ; CLK        ; CLK      ; None                        ; None                      ; 5.222 ns                ;
; N/A                                     ; 181.62 MHz ( period = 5.506 ns )                    ; vga_control_module:inst|ypos[3]  ; vga_control_module:inst|rRGB[0] ; CLK        ; CLK      ; None                        ; None                      ; 5.248 ns                ;
; N/A                                     ; 181.79 MHz ( period = 5.501 ns )                    ; vga_control_module:inst|C1[4]    ; vga_control_module:inst|C2[9]   ; CLK        ; CLK      ; None                        ; None                      ; 5.212 ns                ;
; N/A                                     ; 182.15 MHz ( period = 5.490 ns )                    ; vga_control_module:inst|C1[1]    ; vga_control_module:inst|C2[5]   ; CLK        ; CLK      ; None                        ; None                      ; 5.201 ns                ;
; N/A                                     ; 182.22 MHz ( period = 5.488 ns )                    ; vga_control_module:inst|C1[2]    ; vga_control_module:inst|C2[3]   ; CLK        ; CLK      ; None                        ; None                      ; 5.199 ns                ;
; N/A                                     ; 182.42 MHz ( period = 5.482 ns )                    ; vga_control_module:inst|C1[3]    ; vga_control_module:inst|C2[7]   ; CLK        ; CLK      ; None                        ; None                      ; 5.193 ns                ;
; N/A                                     ; 182.92 MHz ( period = 5.467 ns )                    ; vga_control_module:inst|ypos[2]  ; vga_control_module:inst|rRGB[0] ; CLK        ; CLK      ; None                        ; None                      ; 5.209 ns                ;
; N/A                                     ; 182.95 MHz ( period = 5.466 ns )                    ; vga_control_module:inst|C2[3]    ; vga_control_module:inst|rRGB[2] ; CLK        ; CLK      ; None                        ; None                      ; 5.227 ns                ;
; N/A                                     ; 183.15 MHz ( period = 5.460 ns )                    ; vga_control_module:inst|C1[5]    ; vga_control_module:inst|C2[6]   ; CLK        ; CLK      ; None                        ; None                      ; 5.166 ns                ;
; N/A                                     ; 183.59 MHz ( period = 5.447 ns )                    ; vga_control_module:inst|C1[10]   ; vga_control_module:inst|C2[8]   ; CLK        ; CLK      ; None                        ; None                      ; 5.153 ns                ;
; N/A                                     ; 183.79 MHz ( period = 5.441 ns )                    ; vga_control_module:inst|C1[5]    ; vga_control_module:inst|rRGB[2] ; CLK        ; CLK      ; None                        ; None                      ; 5.172 ns                ;
; N/A                                     ; 184.20 MHz ( period = 5.429 ns )                    ; vga_control_module:inst|C1[9]    ; vga_control_module:inst|C2[6]   ; CLK        ; CLK      ; None                        ; None                      ; 5.140 ns                ;
; N/A                                     ; 184.33 MHz ( period = 5.425 ns )                    ; vga_control_module:inst|C1[7]    ; vga_control_module:inst|C2[7]   ; CLK        ; CLK      ; None                        ; None                      ; 5.136 ns                ;
; N/A                                     ; 184.67 MHz ( period = 5.415 ns )                    ; vga_control_module:inst|C1[4]    ; vga_control_module:inst|C2[8]   ; CLK        ; CLK      ; None                        ; None                      ; 5.126 ns                ;
; N/A                                     ; 185.05 MHz ( period = 5.404 ns )                    ; vga_control_module:inst|C1[1]    ; vga_control_module:inst|C2[4]   ; CLK        ; CLK      ; None                        ; None                      ; 5.115 ns                ;
; N/A                                     ; 185.08 MHz ( period = 5.403 ns )                    ; vga_control_module:inst|ypos[7]  ; vga_control_module:inst|rRGB[0] ; CLK        ; CLK      ; None                        ; None                      ; 5.145 ns                ;
; N/A                                     ; 185.12 MHz ( period = 5.402 ns )                    ; vga_control_module:inst|C1[2]    ; vga_control_module:inst|C2[2]   ; CLK        ; CLK      ; None                        ; None                      ; 5.113 ns                ;
; N/A                                     ; 185.32 MHz ( period = 5.396 ns )                    ; vga_control_module:inst|C1[3]    ; vga_control_module:inst|C2[6]   ; CLK        ; CLK      ; None                        ; None                      ; 5.107 ns                ;
; N/A                                     ; 185.32 MHz ( period = 5.396 ns )                    ; vga_control_module:inst|C2[4]    ; vga_control_module:inst|rRGB[0] ; CLK        ; CLK      ; None                        ; None                      ; 5.157 ns                ;
; N/A                                     ; 185.91 MHz ( period = 5.379 ns )                    ; vga_control_module:inst|C1[8]    ; vga_control_module:inst|C2[5]   ; CLK        ; CLK      ; None                        ; None                      ; 5.090 ns                ;
; N/A                                     ; 186.01 MHz ( period = 5.376 ns )                    ; vga_control_module:inst|C1[11]   ; vga_control_module:inst|C2[5]   ; CLK        ; CLK      ; None                        ; None                      ; 5.087 ns                ;
; N/A                                     ; 186.08 MHz ( period = 5.374 ns )                    ; vga_control_module:inst|C2[10]   ; vga_control_module:inst|rRGB[2] ; CLK        ; CLK      ; None                        ; None                      ; 5.135 ns                ;
; N/A                                     ; 186.53 MHz ( period = 5.361 ns )                    ; vga_control_module:inst|C1[10]   ; vga_control_module:inst|C2[7]   ; CLK        ; CLK      ; None                        ; None                      ; 5.067 ns                ;
; N/A                                     ; 186.64 MHz ( period = 5.358 ns )                    ; vga_control_module:inst|C1[1]    ; vga_control_module:inst|rRGB[0] ; CLK        ; CLK      ; None                        ; None                      ; 5.094 ns                ;
; N/A                                     ; 187.02 MHz ( period = 5.347 ns )                    ; vga_control_module:inst|C2[9]    ; vga_control_module:inst|C2[4]   ; CLK        ; CLK      ; None                        ; None                      ; 5.083 ns                ;
; N/A                                     ; 187.02 MHz ( period = 5.347 ns )                    ; vga_control_module:inst|C2[9]    ; vga_control_module:inst|C2[3]   ; CLK        ; CLK      ; None                        ; None                      ; 5.083 ns                ;
; N/A                                     ; 187.02 MHz ( period = 5.347 ns )                    ; vga_control_module:inst|C2[9]    ; vga_control_module:inst|C2[5]   ; CLK        ; CLK      ; None                        ; None                      ; 5.083 ns                ;
; N/A                                     ; 187.02 MHz ( period = 5.347 ns )                    ; vga_control_module:inst|C2[9]    ; vga_control_module:inst|C2[9]   ; CLK        ; CLK      ; None                        ; None                      ; 5.083 ns                ;
; N/A                                     ; 187.02 MHz ( period = 5.347 ns )                    ; vga_control_module:inst|C2[9]    ; vga_control_module:inst|C2[6]   ; CLK        ; CLK      ; None                        ; None                      ; 5.083 ns                ;
; N/A                                     ; 187.02 MHz ( period = 5.347 ns )                    ; vga_control_module:inst|C2[9]    ; vga_control_module:inst|C2[7]   ; CLK        ; CLK      ; None                        ; None                      ; 5.083 ns                ;
; N/A                                     ; 187.02 MHz ( period = 5.347 ns )                    ; vga_control_module:inst|C2[9]    ; vga_control_module:inst|C2[8]   ; CLK        ; CLK      ; None                        ; None                      ; 5.083 ns                ;
; N/A                                     ; 187.02 MHz ( period = 5.347 ns )                    ; vga_control_module:inst|C2[9]    ; vga_control_module:inst|C2[2]   ; CLK        ; CLK      ; None                        ; None                      ; 5.083 ns                ;
; N/A                                     ; 187.02 MHz ( period = 5.347 ns )                    ; vga_control_module:inst|C2[9]    ; vga_control_module:inst|C2[0]   ; CLK        ; CLK      ; None                        ; None                      ; 5.083 ns                ;
; N/A                                     ; 187.02 MHz ( period = 5.347 ns )                    ; vga_control_module:inst|C2[9]    ; vga_control_module:inst|C2[1]   ; CLK        ; CLK      ; None                        ; None                      ; 5.083 ns                ;
; N/A                                     ; 187.02 MHz ( period = 5.347 ns )                    ; vga_control_module:inst|C2[9]    ; vga_control_module:inst|C2[10]  ; CLK        ; CLK      ; None                        ; None                      ; 5.083 ns                ;
; N/A                                     ; 187.02 MHz ( period = 5.347 ns )                    ; vga_control_module:inst|C2[9]    ; vga_control_module:inst|C2[11]  ; CLK        ; CLK      ; None                        ; None                      ; 5.083 ns                ;
; N/A                                     ; 187.06 MHz ( period = 5.346 ns )                    ; vga_control_module:inst|xpos[8]  ; vga_control_module:inst|rRGB[2] ; CLK        ; CLK      ; None                        ; None                      ; 5.110 ns                ;
; N/A                                     ; 187.30 MHz ( period = 5.339 ns )                    ; vga_control_module:inst|C1[7]    ; vga_control_module:inst|C2[6]   ; CLK        ; CLK      ; None                        ; None                      ; 5.050 ns                ;
; N/A                                     ; 187.58 MHz ( period = 5.331 ns )                    ; vga_control_module:inst|C2[5]    ; vga_control_module:inst|C2[4]   ; CLK        ; CLK      ; None                        ; None                      ; 5.067 ns                ;
; N/A                                     ; 187.58 MHz ( period = 5.331 ns )                    ; vga_control_module:inst|C2[5]    ; vga_control_module:inst|C2[3]   ; CLK        ; CLK      ; None                        ; None                      ; 5.067 ns                ;
; N/A                                     ; 187.58 MHz ( period = 5.331 ns )                    ; vga_control_module:inst|C2[5]    ; vga_control_module:inst|C2[5]   ; CLK        ; CLK      ; None                        ; None                      ; 5.067 ns                ;
; N/A                                     ; 187.58 MHz ( period = 5.331 ns )                    ; vga_control_module:inst|C2[5]    ; vga_control_module:inst|C2[9]   ; CLK        ; CLK      ; None                        ; None                      ; 5.067 ns                ;
; N/A                                     ; 187.58 MHz ( period = 5.331 ns )                    ; vga_control_module:inst|C2[5]    ; vga_control_module:inst|C2[6]   ; CLK        ; CLK      ; None                        ; None                      ; 5.067 ns                ;
; N/A                                     ; 187.58 MHz ( period = 5.331 ns )                    ; vga_control_module:inst|C2[5]    ; vga_control_module:inst|C2[7]   ; CLK        ; CLK      ; None                        ; None                      ; 5.067 ns                ;
; N/A                                     ; 187.58 MHz ( period = 5.331 ns )                    ; vga_control_module:inst|C2[5]    ; vga_control_module:inst|C2[8]   ; CLK        ; CLK      ; None                        ; None                      ; 5.067 ns                ;
; N/A                                     ; 187.58 MHz ( period = 5.331 ns )                    ; vga_control_module:inst|C2[5]    ; vga_control_module:inst|C2[2]   ; CLK        ; CLK      ; None                        ; None                      ; 5.067 ns                ;
; N/A                                     ; 187.58 MHz ( period = 5.331 ns )                    ; vga_control_module:inst|C2[5]    ; vga_control_module:inst|C2[0]   ; CLK        ; CLK      ; None                        ; None                      ; 5.067 ns                ;
; N/A                                     ; 187.58 MHz ( period = 5.331 ns )                    ; vga_control_module:inst|C2[5]    ; vga_control_module:inst|C2[1]   ; CLK        ; CLK      ; None                        ; None                      ; 5.067 ns                ;
; N/A                                     ; 187.58 MHz ( period = 5.331 ns )                    ; vga_control_module:inst|C2[5]    ; vga_control_module:inst|C2[10]  ; CLK        ; CLK      ; None                        ; None                      ; 5.067 ns                ;
; N/A                                     ; 187.58 MHz ( period = 5.331 ns )                    ; vga_control_module:inst|C2[5]    ; vga_control_module:inst|C2[11]  ; CLK        ; CLK      ; None                        ; None                      ; 5.067 ns                ;
; N/A                                     ; 187.58 MHz ( period = 5.331 ns )                    ; vga_control_module:inst|ypos[10] ; vga_control_module:inst|rRGB[0] ; CLK        ; CLK      ; None                        ; None                      ; 5.073 ns                ;
; N/A                                     ; 187.65 MHz ( period = 5.329 ns )                    ; vga_control_module:inst|C1[4]    ; vga_control_module:inst|C2[7]   ; CLK        ; CLK      ; None                        ; None                      ; 5.040 ns                ;
; N/A                                     ; 187.69 MHz ( period = 5.328 ns )                    ; vga_control_module:inst|C1[0]    ; vga_control_module:inst|C2[5]   ; CLK        ; CLK      ; None                        ; None                      ; 5.039 ns                ;
; N/A                                     ; 187.86 MHz ( period = 5.323 ns )                    ; vga_control_module:inst|C1[6]    ; vga_control_module:inst|C2[5]   ; CLK        ; CLK      ; None                        ; None                      ; 5.034 ns                ;
; N/A                                     ; 188.04 MHz ( period = 5.318 ns )                    ; vga_control_module:inst|C1[1]    ; vga_control_module:inst|C2[3]   ; CLK        ; CLK      ; None                        ; None                      ; 5.029 ns                ;
; N/A                                     ; 188.11 MHz ( period = 5.316 ns )                    ; vga_control_module:inst|C1[2]    ; vga_control_module:inst|C2[1]   ; CLK        ; CLK      ; None                        ; None                      ; 5.027 ns                ;
; N/A                                     ; 188.93 MHz ( period = 5.293 ns )                    ; vga_control_module:inst|C1[8]    ; vga_control_module:inst|C2[4]   ; CLK        ; CLK      ; None                        ; None                      ; 5.004 ns                ;
; N/A                                     ; 188.96 MHz ( period = 5.292 ns )                    ; vga_control_module:inst|ypos[8]  ; vga_control_module:inst|rRGB[0] ; CLK        ; CLK      ; None                        ; None                      ; 5.034 ns                ;
; N/A                                     ; 189.04 MHz ( period = 5.290 ns )                    ; vga_control_module:inst|C1[11]   ; vga_control_module:inst|C2[4]   ; CLK        ; CLK      ; None                        ; None                      ; 5.001 ns                ;
; N/A                                     ; 189.57 MHz ( period = 5.275 ns )                    ; vga_control_module:inst|C1[10]   ; vga_control_module:inst|C2[6]   ; CLK        ; CLK      ; None                        ; None                      ; 4.981 ns                ;
; N/A                                     ; 189.75 MHz ( period = 5.270 ns )                    ; vga_control_module:inst|C1[5]    ; vga_control_module:inst|C2[5]   ; CLK        ; CLK      ; None                        ; None                      ; 4.976 ns                ;
; N/A                                     ; 190.01 MHz ( period = 5.263 ns )                    ; vga_control_module:inst|ypos[9]  ; vga_control_module:inst|rRGB[0] ; CLK        ; CLK      ; None                        ; None                      ; 5.005 ns                ;
; N/A                                     ; 190.59 MHz ( period = 5.247 ns )                    ; vga_control_module:inst|C2[7]    ; vga_control_module:inst|rRGB[0] ; CLK        ; CLK      ; None                        ; None                      ; 5.008 ns                ;
; N/A                                     ; 190.73 MHz ( period = 5.243 ns )                    ; vga_control_module:inst|C1[4]    ; vga_control_module:inst|C2[6]   ; CLK        ; CLK      ; None                        ; None                      ; 4.954 ns                ;
; N/A                                     ; 190.77 MHz ( period = 5.242 ns )                    ; vga_control_module:inst|C1[0]    ; vga_control_module:inst|C2[4]   ; CLK        ; CLK      ; None                        ; None                      ; 4.953 ns                ;
; N/A                                     ; 190.88 MHz ( period = 5.239 ns )                    ; vga_control_module:inst|C1[9]    ; vga_control_module:inst|C2[5]   ; CLK        ; CLK      ; None                        ; None                      ; 4.950 ns                ;
; N/A                                     ; 190.91 MHz ( period = 5.238 ns )                    ; vga_control_module:inst|ypos[4]  ; vga_control_module:inst|rRGB[0] ; CLK        ; CLK      ; None                        ; None                      ; 4.980 ns                ;
; N/A                                     ; 190.95 MHz ( period = 5.237 ns )                    ; vga_control_module:inst|C1[6]    ; vga_control_module:inst|C2[4]   ; CLK        ; CLK      ; None                        ; None                      ; 4.948 ns                ;
; N/A                                     ; 191.13 MHz ( period = 5.232 ns )                    ; vga_control_module:inst|C1[1]    ; vga_control_module:inst|C2[2]   ; CLK        ; CLK      ; None                        ; None                      ; 4.943 ns                ;
; N/A                                     ; 191.13 MHz ( period = 5.232 ns )                    ; vga_control_module:inst|xpos[6]  ; vga_control_module:inst|rRGB[2] ; CLK        ; CLK      ; None                        ; None                      ; 4.996 ns                ;
; N/A                                     ; 191.53 MHz ( period = 5.221 ns )                    ; vga_control_module:inst|xpos[0]  ; vga_control_module:inst|rRGB[0] ; CLK        ; CLK      ; None                        ; None                      ; 4.970 ns                ;
; N/A                                     ; 191.86 MHz ( period = 5.212 ns )                    ; vga_control_module:inst|xpos[4]  ; vga_control_module:inst|rRGB[2] ; CLK        ; CLK      ; None                        ; None                      ; 4.976 ns                ;
; N/A                                     ; 192.05 MHz ( period = 5.207 ns )                    ; vga_control_module:inst|C1[8]    ; vga_control_module:inst|C2[3]   ; CLK        ; CLK      ; None                        ; None                      ; 4.918 ns                ;
; N/A                                     ; 192.09 MHz ( period = 5.206 ns )                    ; vga_control_module:inst|C1[3]    ; vga_control_module:inst|C2[5]   ; CLK        ; CLK      ; None                        ; None                      ; 4.917 ns                ;
; N/A                                     ; 192.16 MHz ( period = 5.204 ns )                    ; vga_control_module:inst|C1[11]   ; vga_control_module:inst|C2[3]   ; CLK        ; CLK      ; None                        ; None                      ; 4.915 ns                ;
; N/A                                     ; 192.46 MHz ( period = 5.196 ns )                    ; vga_control_module:inst|C1[0]    ; vga_control_module:inst|rRGB[0] ; CLK        ; CLK      ; None                        ; None                      ; 4.932 ns                ;
; N/A                                     ; 192.64 MHz ( period = 5.191 ns )                    ; vga_control_module:inst|C2[11]   ; vga_control_module:inst|rRGB[2] ; CLK        ; CLK      ; None                        ; None                      ; 4.952 ns                ;
; N/A                                     ; 192.90 MHz ( period = 5.184 ns )                    ; vga_control_module:inst|C1[5]    ; vga_control_module:inst|C2[4]   ; CLK        ; CLK      ; None                        ; None                      ; 4.890 ns                ;
; N/A                                     ; 193.35 MHz ( period = 5.172 ns )                    ; vga_control_module:inst|C2[2]    ; vga_control_module:inst|rRGB[2] ; CLK        ; CLK      ; None                        ; None                      ; 4.933 ns                ;
; N/A                                     ; 193.57 MHz ( period = 5.166 ns )                    ; vga_control_module:inst|xpos[2]  ; vga_control_module:inst|rRGB[2] ; CLK        ; CLK      ; None                        ; None                      ; 4.930 ns                ;
; N/A                                     ; 193.95 MHz ( period = 5.156 ns )                    ; vga_control_module:inst|C1[0]    ; vga_control_module:inst|C2[3]   ; CLK        ; CLK      ; None                        ; None                      ; 4.867 ns                ;
; N/A                                     ; 194.06 MHz ( period = 5.153 ns )                    ; vga_control_module:inst|C1[9]    ; vga_control_module:inst|C2[4]   ; CLK        ; CLK      ; None                        ; None                      ; 4.864 ns                ;
; N/A                                     ; 194.14 MHz ( period = 5.151 ns )                    ; vga_control_module:inst|C1[6]    ; vga_control_module:inst|C2[3]   ; CLK        ; CLK      ; None                        ; None                      ; 4.862 ns                ;
; N/A                                     ; 194.21 MHz ( period = 5.149 ns )                    ; vga_control_module:inst|C1[7]    ; vga_control_module:inst|C2[5]   ; CLK        ; CLK      ; None                        ; None                      ; 4.860 ns                ;
; N/A                                     ; 194.33 MHz ( period = 5.146 ns )                    ; vga_control_module:inst|C1[1]    ; vga_control_module:inst|C2[1]   ; CLK        ; CLK      ; None                        ; None                      ; 4.857 ns                ;
; N/A                                     ; 194.78 MHz ( period = 5.134 ns )                    ; vga_control_module:inst|xpos[5]  ; vga_control_module:inst|rRGB[0] ; CLK        ; CLK      ; None                        ; None                      ; 4.898 ns                ;
; N/A                                     ; 194.97 MHz ( period = 5.129 ns )                    ; vga_control_module:inst|C1[4]    ; vga_control_module:inst|rRGB[0] ; CLK        ; CLK      ; None                        ; None                      ; 4.865 ns                ;
; N/A                                     ; 195.20 MHz ( period = 5.123 ns )                    ; vga_control_module:inst|C2[6]    ; vga_control_module:inst|C2[4]   ; CLK        ; CLK      ; None                        ; None                      ; 4.859 ns                ;
; N/A                                     ; 195.20 MHz ( period = 5.123 ns )                    ; vga_control_module:inst|C2[6]    ; vga_control_module:inst|C2[3]   ; CLK        ; CLK      ; None                        ; None                      ; 4.859 ns                ;
; N/A                                     ; 195.20 MHz ( period = 5.123 ns )                    ; vga_control_module:inst|C2[6]    ; vga_control_module:inst|C2[5]   ; CLK        ; CLK      ; None                        ; None                      ; 4.859 ns                ;
; N/A                                     ; 195.20 MHz ( period = 5.123 ns )                    ; vga_control_module:inst|C2[6]    ; vga_control_module:inst|C2[9]   ; CLK        ; CLK      ; None                        ; None                      ; 4.859 ns                ;
; N/A                                     ; 195.20 MHz ( period = 5.123 ns )                    ; vga_control_module:inst|C2[6]    ; vga_control_module:inst|C2[6]   ; CLK        ; CLK      ; None                        ; None                      ; 4.859 ns                ;
; N/A                                     ; 195.20 MHz ( period = 5.123 ns )                    ; vga_control_module:inst|C2[6]    ; vga_control_module:inst|C2[7]   ; CLK        ; CLK      ; None                        ; None                      ; 4.859 ns                ;
; N/A                                     ; 195.20 MHz ( period = 5.123 ns )                    ; vga_control_module:inst|C2[6]    ; vga_control_module:inst|C2[8]   ; CLK        ; CLK      ; None                        ; None                      ; 4.859 ns                ;
; N/A                                     ; 195.20 MHz ( period = 5.123 ns )                    ; vga_control_module:inst|C2[6]    ; vga_control_module:inst|C2[2]   ; CLK        ; CLK      ; None                        ; None                      ; 4.859 ns                ;
; N/A                                     ; 195.20 MHz ( period = 5.123 ns )                    ; vga_control_module:inst|C2[6]    ; vga_control_module:inst|C2[0]   ; CLK        ; CLK      ; None                        ; None                      ; 4.859 ns                ;
; N/A                                     ; 195.20 MHz ( period = 5.123 ns )                    ; vga_control_module:inst|C2[6]    ; vga_control_module:inst|C2[1]   ; CLK        ; CLK      ; None                        ; None                      ; 4.859 ns                ;
; N/A                                     ; 195.20 MHz ( period = 5.123 ns )                    ; vga_control_module:inst|C2[6]    ; vga_control_module:inst|C2[10]  ; CLK        ; CLK      ; None                        ; None                      ; 4.859 ns                ;
; N/A                                     ; 195.20 MHz ( period = 5.123 ns )                    ; vga_control_module:inst|C2[6]    ; vga_control_module:inst|C2[11]  ; CLK        ; CLK      ; None                        ; None                      ; 4.859 ns                ;
; N/A                                     ; 195.24 MHz ( period = 5.122 ns )                    ; vga_control_module:inst|C1[6]    ; vga_control_module:inst|rRGB[2] ; CLK        ; CLK      ; None                        ; None                      ; 4.858 ns                ;
; N/A                                     ; 195.27 MHz ( period = 5.121 ns )                    ; vga_control_module:inst|C1[8]    ; vga_control_module:inst|C2[2]   ; CLK        ; CLK      ; None                        ; None                      ; 4.832 ns                ;
; N/A                                     ; 195.31 MHz ( period = 5.120 ns )                    ; vga_control_module:inst|C1[3]    ; vga_control_module:inst|C2[4]   ; CLK        ; CLK      ; None                        ; None                      ; 4.831 ns                ;
; N/A                                     ; 195.39 MHz ( period = 5.118 ns )                    ; vga_control_module:inst|C1[11]   ; vga_control_module:inst|C2[2]   ; CLK        ; CLK      ; None                        ; None                      ; 4.829 ns                ;
; N/A                                     ; 196.08 MHz ( period = 5.100 ns )                    ; vga_control_module:inst|C1[3]    ; vga_control_module:inst|rRGB[0] ; CLK        ; CLK      ; None                        ; None                      ; 4.836 ns                ;
; N/A                                     ; 196.16 MHz ( period = 5.098 ns )                    ; vga_control_module:inst|C1[5]    ; vga_control_module:inst|C2[3]   ; CLK        ; CLK      ; None                        ; None                      ; 4.804 ns                ;
; N/A                                     ; 196.50 MHz ( period = 5.089 ns )                    ; vga_control_module:inst|ypos[1]  ; vga_control_module:inst|rRGB[0] ; CLK        ; CLK      ; None                        ; None                      ; 4.831 ns                ;
; N/A                                     ; 196.66 MHz ( period = 5.085 ns )                    ; vga_control_module:inst|C1[10]   ; vga_control_module:inst|C2[5]   ; CLK        ; CLK      ; None                        ; None                      ; 4.791 ns                ;
; N/A                                     ; 196.81 MHz ( period = 5.081 ns )                    ; vga_control_module:inst|xpos[7]  ; vga_control_module:inst|rRGB[0] ; CLK        ; CLK      ; None                        ; None                      ; 4.845 ns                ;
; N/A                                     ; 197.24 MHz ( period = 5.070 ns )                    ; vga_control_module:inst|C1[0]    ; vga_control_module:inst|C2[2]   ; CLK        ; CLK      ; None                        ; None                      ; 4.781 ns                ;
; Timing analysis restricted to 200 rows. ; To change the limit use Settings (Assignments menu) ;                                  ;                                 ;            ;          ;                             ;                           ;                         ;
+-----------------------------------------+-----------------------------------------------------+----------------------------------+---------------------------------+------------+----------+-----------------------------+---------------------------+-------------------------+


+----------------------------------------------------------------------------------------+
; tsu                                                                                    ;
+-------+--------------+------------+------+----------------------------------+----------+
; Slack ; Required tsu ; Actual tsu ; From ; To                               ; To Clock ;
+-------+--------------+------------+------+----------------------------------+----------+
; N/A   ; None         ; 5.528 ns   ; RSTn ; vga_control_module:inst|ypos[8]  ; CLK      ;
; N/A   ; None         ; 5.528 ns   ; RSTn ; vga_control_module:inst|ypos[7]  ; CLK      ;
; N/A   ; None         ; 5.528 ns   ; RSTn ; vga_control_module:inst|ypos[6]  ; CLK      ;
; N/A   ; None         ; 5.528 ns   ; RSTn ; vga_control_module:inst|ypos[5]  ; CLK      ;
; N/A   ; None         ; 5.528 ns   ; RSTn ; vga_control_module:inst|ypos[4]  ; CLK      ;
; N/A   ; None         ; 5.528 ns   ; RSTn ; vga_control_module:inst|ypos[1]  ; CLK      ;
; N/A   ; None         ; 5.528 ns   ; RSTn ; vga_control_module:inst|ypos[3]  ; CLK      ;
; N/A   ; None         ; 5.528 ns   ; RSTn ; vga_control_module:inst|ypos[2]  ; CLK      ;
; N/A   ; None         ; 5.528 ns   ; RSTn ; vga_control_module:inst|ypos[9]  ; CLK      ;
; N/A   ; None         ; 5.528 ns   ; RSTn ; vga_control_module:inst|ypos[10] ; CLK      ;
; N/A   ; None         ; 5.528 ns   ; RSTn ; vga_control_module:inst|ypos[11] ; CLK      ;
; N/A   ; None         ; 5.147 ns   ; RSTn ; vga_control_module:inst|xpos[9]  ; CLK      ;
; N/A   ; None         ; 5.147 ns   ; RSTn ; vga_control_module:inst|xpos[8]  ; CLK      ;
; N/A   ; None         ; 5.147 ns   ; RSTn ; vga_control_module:inst|xpos[7]  ; CLK      ;
; N/A   ; None         ; 5.147 ns   ; RSTn ; vga_control_module:inst|xpos[6]  ; CLK      ;
; N/A   ; None         ; 5.147 ns   ; RSTn ; vga_control_module:inst|xpos[5]  ; CLK      ;
; N/A   ; None         ; 5.147 ns   ; RSTn ; vga_control_module:inst|xpos[4]  ; CLK      ;
; N/A   ; None         ; 5.147 ns   ; RSTn ; vga_control_module:inst|xpos[10] ; CLK      ;
; N/A   ; None         ; 5.147 ns   ; RSTn ; vga_control_module:inst|xpos[11] ; CLK      ;
; N/A   ; None         ; 5.147 ns   ; RSTn ; vga_control_module:inst|xpos[3]  ; CLK      ;
; N/A   ; None         ; 5.147 ns   ; RSTn ; vga_control_module:inst|xpos[2]  ; CLK      ;
; N/A   ; None         ; 5.147 ns   ; RSTn ; vga_control_module:inst|xpos[1]  ; CLK      ;
; N/A   ; None         ; 5.124 ns   ; RSTn ; vga_control_module:inst|ypos[0]  ; CLK      ;
; N/A   ; None         ; 5.124 ns   ; RSTn ; vga_control_module:inst|xpos[0]  ; CLK      ;
+-------+--------------+------------+------+----------------------------------+----------+


+-----------------------------------------------------------------------------------------------+
; tco                                                                                           ;
+-------+--------------+------------+---------------------------------+------------+------------+
; Slack ; Required tco ; Actual tco ; From                            ; To         ; From Clock ;
+-------+--------------+------------+---------------------------------+------------+------------+
; N/A   ; None         ; 7.991 ns   ; vga_control_module:inst|rRGB[2] ; RGB_Sig[2] ; CLK        ;
; N/A   ; None         ; 7.583 ns   ; vga_control_module:inst|rH      ; HSYNC      ; CLK        ;
; N/A   ; None         ; 7.562 ns   ; vga_control_module:inst|rRGB[1] ; RGB_Sig[1] ; CLK        ;
; N/A   ; None         ; 7.549 ns   ; vga_control_module:inst|rV      ; VSYNC      ; CLK        ;
; N/A   ; None         ; 7.091 ns   ; vga_control_module:inst|rRGB[0] ; RGB_Sig[0] ; CLK        ;
+-------+--------------+------------+---------------------------------+------------+------------+


+----------------------------------------------------------------------------------------------+
; th                                                                                           ;
+---------------+-------------+-----------+------+----------------------------------+----------+
; Minimum Slack ; Required th ; Actual th ; From ; To                               ; To Clock ;
+---------------+-------------+-----------+------+----------------------------------+----------+
; N/A           ; None        ; -4.858 ns ; RSTn ; vga_control_module:inst|ypos[0]  ; CLK      ;
; N/A           ; None        ; -4.858 ns ; RSTn ; vga_control_module:inst|xpos[0]  ; CLK      ;
; N/A           ; None        ; -4.881 ns ; RSTn ; vga_control_module:inst|xpos[9]  ; CLK      ;
; N/A           ; None        ; -4.881 ns ; RSTn ; vga_control_module:inst|xpos[8]  ; CLK      ;
; N/A           ; None        ; -4.881 ns ; RSTn ; vga_control_module:inst|xpos[7]  ; CLK      ;
; N/A           ; None        ; -4.881 ns ; RSTn ; vga_control_module:inst|xpos[6]  ; CLK      ;
; N/A           ; None        ; -4.881 ns ; RSTn ; vga_control_module:inst|xpos[5]  ; CLK      ;
; N/A           ; None        ; -4.881 ns ; RSTn ; vga_control_module:inst|xpos[4]  ; CLK      ;
; N/A           ; None        ; -4.881 ns ; RSTn ; vga_control_module:inst|xpos[10] ; CLK      ;
; N/A           ; None        ; -4.881 ns ; RSTn ; vga_control_module:inst|xpos[11] ; CLK      ;
; N/A           ; None        ; -4.881 ns ; RSTn ; vga_control_module:inst|xpos[3]  ; CLK      ;
; N/A           ; None        ; -4.881 ns ; RSTn ; vga_control_module:inst|xpos[2]  ; CLK      ;
; N/A           ; None        ; -4.881 ns ; RSTn ; vga_control_module:inst|xpos[1]  ; CLK      ;
; N/A           ; None        ; -5.262 ns ; RSTn ; vga_control_module:inst|ypos[8]  ; CLK      ;
; N/A           ; None        ; -5.262 ns ; RSTn ; vga_control_module:inst|ypos[7]  ; CLK      ;
; N/A           ; None        ; -5.262 ns ; RSTn ; vga_control_module:inst|ypos[6]  ; CLK      ;
; N/A           ; None        ; -5.262 ns ; RSTn ; vga_control_module:inst|ypos[5]  ; CLK      ;
; N/A           ; None        ; -5.262 ns ; RSTn ; vga_control_module:inst|ypos[4]  ; CLK      ;
; N/A           ; None        ; -5.262 ns ; RSTn ; vga_control_module:inst|ypos[1]  ; CLK      ;
; N/A           ; None        ; -5.262 ns ; RSTn ; vga_control_module:inst|ypos[3]  ; CLK      ;
; N/A           ; None        ; -5.262 ns ; RSTn ; vga_control_module:inst|ypos[2]  ; CLK      ;
; N/A           ; None        ; -5.262 ns ; RSTn ; vga_control_module:inst|ypos[9]  ; CLK      ;
; N/A           ; None        ; -5.262 ns ; RSTn ; vga_control_module:inst|ypos[10] ; CLK      ;
; N/A           ; None        ; -5.262 ns ; RSTn ; vga_control_module:inst|ypos[11] ; CLK      ;
+---------------+-------------+-----------+------+----------------------------------+----------+


+--------------------------+
; Timing Analyzer Messages ;
+--------------------------+
Info: *******************************************************************
Info: Running Quartus II Classic Timing Analyzer
    Info: Version 9.0 Build 132 02/25/2009 SJ Full Version
    Info: Processing started: Sat Nov 05 17:05:15 2016
Info: Command: quartus_tan --read_settings_files=off --write_settings_files=off top -c top --timing_analysis_only
Info: Parallel compilation is enabled and will use 4 of the 4 processors detected
Warning: Found pins functioning as undefined clocks and/or memory enables
    Info: Assuming node "CLK" is an undefined clock
Info: Clock "CLK" has Internal fmax of 157.48 MHz between source register "vga_control_module:inst|C2[9]" and destination register "vga_control_module:inst|rRGB[2]" (period= 6.35 ns)
    Info: + Longest register to register delay is 6.111 ns
        Info: 1: + IC(0.000 ns) + CELL(0.000 ns) = 0.000 ns; Loc. = LCFF_X22_Y6_N23; Fanout = 8; REG Node = 'vga_control_module:inst|C2[9]'
        Info: 2: + IC(1.577 ns) + CELL(0.589 ns) = 2.166 ns; Loc. = LCCOMB_X24_Y8_N26; Fanout = 3; COMB Node = 'vga_control_module:inst|Equal2~2'
        Info: 3: + IC(0.382 ns) + CELL(0.571 ns) = 3.119 ns; Loc. = LCCOMB_X24_Y8_N30; Fanout = 1; COMB Node = 'vga_control_module:inst|always0~11'
        Info: 4: + IC(1.108 ns) + CELL(0.206 ns) = 4.433 ns; Loc. = LCCOMB_X25_Y9_N2; Fanout = 2; COMB Node = 'vga_control_module:inst|always0~2'
        Info: 5: + IC(0.374 ns) + CELL(0.624 ns) = 5.431 ns; Loc. = LCCOMB_X25_Y9_N28; Fanout = 2; COMB Node = 'vga_control_module:inst|rRGB~1'
        Info: 6: + IC(0.366 ns) + CELL(0.206 ns) = 6.003 ns; Loc. = LCCOMB_X25_Y9_N8; Fanout = 1; COMB Node = 'vga_control_module:inst|rRGB[2]~feeder'
        Info: 7: + IC(0.000 ns) + CELL(0.108 ns) = 6.111 ns; Loc. = LCFF_X25_Y9_N9; Fanout = 1; REG Node = 'vga_control_module:inst|rRGB[2]'
        Info: Total cell delay = 2.304 ns ( 37.70 % )
        Info: Total interconnect delay = 3.807 ns ( 62.30 % )
    Info: - Smallest clock skew is 0.025 ns
        Info: + Shortest clock path from clock "CLK" to destination register is 2.757 ns
            Info: 1: + IC(0.000 ns) + CELL(1.100 ns) = 1.100 ns; Loc. = PIN_17; Fanout = 1; CLK Node = 'CLK'
            Info: 2: + IC(0.143 ns) + CELL(0.000 ns) = 1.243 ns; Loc. = CLKCTRL_G2; Fanout = 53; COMB Node = 'CLK~clkctrl'
            Info: 3: + IC(0.848 ns) + CELL(0.666 ns) = 2.757 ns; Loc. = LCFF_X25_Y9_N9; Fanout = 1; REG Node = 'vga_control_module:inst|rRGB[2]'
            Info: Total cell delay = 1.766 ns ( 64.06 % )
            Info: Total interconnect delay = 0.991 ns ( 35.94 % )
        Info: - Longest clock path from clock "CLK" to source register is 2.732 ns
            Info: 1: + IC(0.000 ns) + CELL(1.100 ns) = 1.100 ns; Loc. = PIN_17; Fanout = 1; CLK Node = 'CLK'
            Info: 2: + IC(0.143 ns) + CELL(0.000 ns) = 1.243 ns; Loc. = CLKCTRL_G2; Fanout = 53; COMB Node = 'CLK~clkctrl'
            Info: 3: + IC(0.823 ns) + CELL(0.666 ns) = 2.732 ns; Loc. = LCFF_X22_Y6_N23; Fanout = 8; REG Node = 'vga_control_module:inst|C2[9]'
            Info: Total cell delay = 1.766 ns ( 64.64 % )
            Info: Total interconnect delay = 0.966 ns ( 35.36 % )
    Info: + Micro clock to output delay of source is 0.304 ns
    Info: + Micro setup delay of destination is -0.040 ns
Info: tsu for register "vga_control_module:inst|ypos[8]" (data pin = "RSTn", clock pin = "CLK") is 5.528 ns
    Info: + Longest pin to register delay is 8.319 ns
        Info: 1: + IC(0.000 ns) + CELL(0.944 ns) = 0.944 ns; Loc. = PIN_64; Fanout = 25; PIN Node = 'RSTn'
        Info: 2: + IC(6.520 ns) + CELL(0.855 ns) = 8.319 ns; Loc. = LCFF_X24_Y8_N15; Fanout = 3; REG Node = 'vga_control_module:inst|ypos[8]'
        Info: Total cell delay = 1.799 ns ( 21.63 % )
        Info: Total interconnect delay = 6.520 ns ( 78.37 % )
    Info: + Micro setup delay of destination is -0.040 ns
    Info: - Shortest clock path from clock "CLK" to destination register is 2.751 ns
        Info: 1: + IC(0.000 ns) + CELL(1.100 ns) = 1.100 ns; Loc. = PIN_17; Fanout = 1; CLK Node = 'CLK'
        Info: 2: + IC(0.143 ns) + CELL(0.000 ns) = 1.243 ns; Loc. = CLKCTRL_G2; Fanout = 53; COMB Node = 'CLK~clkctrl'
        Info: 3: + IC(0.842 ns) + CELL(0.666 ns) = 2.751 ns; Loc. = LCFF_X24_Y8_N15; Fanout = 3; REG Node = 'vga_control_module:inst|ypos[8]'
        Info: Total cell delay = 1.766 ns ( 64.19 % )
        Info: Total interconnect delay = 0.985 ns ( 35.81 % )
Info: tco from clock "CLK" to destination pin "RGB_Sig[2]" through register "vga_control_module:inst|rRGB[2]" is 7.991 ns
    Info: + Longest clock path from clock "CLK" to source register is 2.757 ns
        Info: 1: + IC(0.000 ns) + CELL(1.100 ns) = 1.100 ns; Loc. = PIN_17; Fanout = 1; CLK Node = 'CLK'
        Info: 2: + IC(0.143 ns) + CELL(0.000 ns) = 1.243 ns; Loc. = CLKCTRL_G2; Fanout = 53; COMB Node = 'CLK~clkctrl'
        Info: 3: + IC(0.848 ns) + CELL(0.666 ns) = 2.757 ns; Loc. = LCFF_X25_Y9_N9; Fanout = 1; REG Node = 'vga_control_module:inst|rRGB[2]'
        Info: Total cell delay = 1.766 ns ( 64.06 % )
        Info: Total interconnect delay = 0.991 ns ( 35.94 % )
    Info: + Micro clock to output delay of source is 0.304 ns
    Info: + Longest register to pin delay is 4.930 ns
        Info: 1: + IC(0.000 ns) + CELL(0.000 ns) = 0.000 ns; Loc. = LCFF_X25_Y9_N9; Fanout = 1; REG Node = 'vga_control_module:inst|rRGB[2]'
        Info: 2: + IC(1.694 ns) + CELL(3.236 ns) = 4.930 ns; Loc. = PIN_112; Fanout = 0; PIN Node = 'RGB_Sig[2]'
        Info: Total cell delay = 3.236 ns ( 65.64 % )
        Info: Total interconnect delay = 1.694 ns ( 34.36 % )
Info: th for register "vga_control_module:inst|ypos[0]" (data pin = "RSTn", clock pin = "CLK") is -4.858 ns
    Info: + Longest clock path from clock "CLK" to destination register is 2.744 ns
        Info: 1: + IC(0.000 ns) + CELL(1.100 ns) = 1.100 ns; Loc. = PIN_17; Fanout = 1; CLK Node = 'CLK'
        Info: 2: + IC(0.143 ns) + CELL(0.000 ns) = 1.243 ns; Loc. = CLKCTRL_G2; Fanout = 53; COMB Node = 'CLK~clkctrl'
        Info: 3: + IC(0.835 ns) + CELL(0.666 ns) = 2.744 ns; Loc. = LCFF_X22_Y5_N11; Fanout = 1; REG Node = 'vga_control_module:inst|ypos[0]'
        Info: Total cell delay = 1.766 ns ( 64.36 % )
        Info: Total interconnect delay = 0.978 ns ( 35.64 % )
    Info: + Micro hold delay of destination is 0.306 ns
    Info: - Shortest pin to register delay is 7.908 ns
        Info: 1: + IC(0.000 ns) + CELL(0.944 ns) = 0.944 ns; Loc. = PIN_64; Fanout = 25; PIN Node = 'RSTn'
        Info: 2: + IC(6.109 ns) + CELL(0.855 ns) = 7.908 ns; Loc. = LCFF_X22_Y5_N11; Fanout = 1; REG Node = 'vga_control_module:inst|ypos[0]'
        Info: Total cell delay = 1.799 ns ( 22.75 % )
        Info: Total interconnect delay = 6.109 ns ( 77.25 % )
Info: Quartus II Classic Timing Analyzer was successful. 0 errors, 1 warning
    Info: Peak virtual memory: 159 megabytes
    Info: Processing ended: Sat Nov 05 17:05:15 2016
    Info: Elapsed time: 00:00:00
    Info: Total CPU time (on all processors): 00:00:00


